2013/07/29 07:07:18 [error] [php] date() [<a href='function.date'>function.date</a>]: It is not safe to rely on the system's timezone settings. You are *required* to use the date.timezone setting or the date_default_timezone_set() function. In case you used any of those methods and you are still getting this warning, you most likely misspelled the timezone identifier. We selected 'UTC' for '8.0/no DST' instead (E:\webroot\yii\demos\blog\protected\views\post\_view.php:6)
Stack trace:
#0 E:\webroot\yii\framework\web\CBaseController.php(95): PostController->renderInternal()
#1 E:\webroot\yii\framework\zii\widgets\CListView.php(281): PostController->renderFile()
#2 E:\webroot\yii\framework\zii\widgets\CBaseListView.php(160): CListView->renderItems()
#3 unknown(0): CListView->renderSection()
#4 E:\webroot\yii\framework\zii\widgets\CBaseListView.php(143): preg_replace_callback()
#5 E:\webroot\yii\framework\zii\widgets\CBaseListView.php(128): CListView->renderContent()
#6 E:\webroot\yii\framework\web\CBaseController.php(173): CListView->run()
#7 E:\webroot\yii\demos\blog\protected\views\post\index.php(9): PostController->widget()
#8 E:\webroot\yii\framework\web\CBaseController.php(126): require()
#9 E:\webroot\yii\framework\web\CBaseController.php(95): PostController->renderInternal()
#10 E:\webroot\yii\framework\web\CController.php(869): PostController->renderFile()
#11 E:\webroot\yii\framework\web\CController.php(782): PostController->renderPartial()
#12 E:\webroot\yii\demos\blog\protected\controllers\PostController.php(136): PostController->render()
#13 E:\webroot\yii\framework\web\actions\CInlineAction.php(49): PostController->actionIndex()
#14 E:\webroot\yii\framework\web\CController.php(308): CInlineAction->runWithParams()
#15 E:\webroot\yii\framework\web\filters\CFilterChain.php(133): PostController->runAction()
#16 E:\webroot\yii\framework\web\filters\CFilter.php(40): CFilterChain->run()
#17 E:\webroot\yii\framework\web\CController.php(1145): CAccessControlFilter->filter()
#18 E:\webroot\yii\framework\web\filters\CInlineFilter.php(58): PostController->filterAccessControl()
#19 E:\webroot\yii\framework\web\filters\CFilterChain.php(130): CInlineFilter->filter()
#20 E:\webroot\yii\framework\web\CController.php(291): CFilterChain->run()
#21 E:\webroot\yii\framework\web\CController.php(265): PostController->runActionWithFilters()
#22 E:\webroot\yii\framework\web\CWebApplication.php(282): PostController->run()
#23 E:\webroot\yii\framework\web\CWebApplication.php(141): CWebApplication->runController()
#24 E:\webroot\yii\framework\base\CApplication.php(169): CWebApplication->processRequest()
#25 E:\webroot\yii\demos\blog\index.php(11): CWebApplication->run()
REQUEST_URI=/yii/demos/blog/index.php
2013/07/29 07:07:40 [error] [php] date() [<a href='function.date'>function.date</a>]: It is not safe to rely on the system's timezone settings. You are *required* to use the date.timezone setting or the date_default_timezone_set() function. In case you used any of those methods and you are still getting this warning, you most likely misspelled the timezone identifier. We selected 'UTC' for '8.0/no DST' instead (E:\webroot\yii\demos\blog\protected\views\layouts\main.php:47)
Stack trace:
#0 E:\webroot\yii\framework\web\CBaseController.php(95): SiteController->renderInternal()
#1 E:\webroot\yii\framework\web\widgets\CContentDecorator.php(76): SiteController->renderFile()
#2 E:\webroot\yii\framework\web\widgets\CContentDecorator.php(54): CContentDecorator->decorate()
#3 E:\webroot\yii\framework\web\widgets\COutputProcessor.php(44): CContentDecorator->processOutput()
#4 E:\webroot\yii\framework\web\CBaseController.php(206): CContentDecorator->run()
#5 E:\webroot\yii\framework\web\CBaseController.php(300): SiteController->endWidget()
#6 E:\webroot\yii\demos\blog\protected\views\layouts\column1.php(7): SiteController->endContent()
#7 E:\webroot\yii\framework\web\CBaseController.php(126): require()
#8 E:\webroot\yii\framework\web\CBaseController.php(95): SiteController->renderInternal()
#9 E:\webroot\yii\framework\web\CController.php(784): SiteController->renderFile()
#10 E:\webroot\yii\framework\web\actions\CViewAction.php(140): SiteController->render()
#11 E:\webroot\yii\framework\web\actions\CAction.php(76): CViewAction->run()
#12 E:\webroot\yii\framework\web\CController.php(308): CViewAction->runWithParams()
#13 E:\webroot\yii\framework\web\CController.php(286): SiteController->runAction()
#14 E:\webroot\yii\framework\web\CController.php(265): SiteController->runActionWithFilters()
#15 E:\webroot\yii\framework\web\CWebApplication.php(282): SiteController->run()
#16 E:\webroot\yii\framework\web\CWebApplication.php(141): CWebApplication->runController()
#17 E:\webroot\yii\framework\base\CApplication.php(169): CWebApplication->processRequest()
#18 E:\webroot\yii\demos\blog\index.php(11): CWebApplication->run()
REQUEST_URI=/yii/demos/blog/index.php/site/page?view=about
2013/07/29 07:07:43 [error] [php] date() [<a href='function.date'>function.date</a>]: It is not safe to rely on the system's timezone settings. You are *required* to use the date.timezone setting or the date_default_timezone_set() function. In case you used any of those methods and you are still getting this warning, you most likely misspelled the timezone identifier. We selected 'UTC' for '8.0/no DST' instead (E:\webroot\yii\demos\blog\protected\views\layouts\main.php:47)
Stack trace:
#0 E:\webroot\yii\framework\web\CBaseController.php(95): SiteController->renderInternal()
#1 E:\webroot\yii\framework\web\widgets\CContentDecorator.php(76): SiteController->renderFile()
#2 E:\webroot\yii\framework\web\widgets\CContentDecorator.php(54): CContentDecorator->decorate()
#3 E:\webroot\yii\framework\web\widgets\COutputProcessor.php(44): CContentDecorator->processOutput()
#4 E:\webroot\yii\framework\web\CBaseController.php(206): CContentDecorator->run()
#5 E:\webroot\yii\framework\web\CBaseController.php(300): SiteController->endWidget()
#6 E:\webroot\yii\demos\blog\protected\views\layouts\column1.php(7): SiteController->endContent()
#7 E:\webroot\yii\framework\web\CBaseController.php(126): require()
#8 E:\webroot\yii\framework\web\CBaseController.php(95): SiteController->renderInternal()
#9 E:\webroot\yii\framework\web\CController.php(784): SiteController->renderFile()
#10 E:\webroot\yii\demos\blog\protected\controllers\SiteController.php(57): SiteController->render()
#11 E:\webroot\yii\framework\web\actions\CInlineAction.php(49): SiteController->actionContact()
#12 E:\webroot\yii\framework\web\CController.php(308): CInlineAction->runWithParams()
#13 E:\webroot\yii\framework\web\CController.php(286): SiteController->runAction()
#14 E:\webroot\yii\framework\web\CController.php(265): SiteController->runActionWithFilters()
#15 E:\webroot\yii\framework\web\CWebApplication.php(282): SiteController->run()
#16 E:\webroot\yii\framework\web\CWebApplication.php(141): CWebApplication->runController()
#17 E:\webroot\yii\framework\base\CApplication.php(169): CWebApplication->processRequest()
#18 E:\webroot\yii\demos\blog\index.php(11): CWebApplication->run()
REQUEST_URI=/yii/demos/blog/index.php/site/contact
2013/07/29 07:07:43 [error] [php] date() [<a href='function.date'>function.date</a>]: It is not safe to rely on the system's timezone settings. You are *required* to use the date.timezone setting or the date_default_timezone_set() function. In case you used any of those methods and you are still getting this warning, you most likely misspelled the timezone identifier. We selected 'UTC' for '8.0/no DST' instead (E:\webroot\yii\demos\blog\protected\views\layouts\main.php:47)
Stack trace:
#0 E:\webroot\yii\framework\web\CBaseController.php(95): SiteController->renderInternal()
#1 E:\webroot\yii\framework\web\widgets\CContentDecorator.php(76): SiteController->renderFile()
#2 E:\webroot\yii\framework\web\widgets\CContentDecorator.php(54): CContentDecorator->decorate()
#3 E:\webroot\yii\framework\web\widgets\COutputProcessor.php(44): CContentDecorator->processOutput()
#4 E:\webroot\yii\framework\web\CBaseController.php(206): CContentDecorator->run()
#5 E:\webroot\yii\framework\web\CBaseController.php(300): SiteController->endWidget()
#6 E:\webroot\yii\demos\blog\protected\views\layouts\column1.php(7): SiteController->endContent()
#7 E:\webroot\yii\framework\web\CBaseController.php(126): require()
#8 E:\webroot\yii\framework\web\CBaseController.php(95): SiteController->renderInternal()
#9 E:\webroot\yii\framework\web\CController.php(784): SiteController->renderFile()
#10 E:\webroot\yii\demos\blog\protected\controllers\SiteController.php(86): SiteController->render()
#11 E:\webroot\yii\framework\web\actions\CInlineAction.php(49): SiteController->actionLogin()
#12 E:\webroot\yii\framework\web\CController.php(308): CInlineAction->runWithParams()
#13 E:\webroot\yii\framework\web\CController.php(286): SiteController->runAction()
#14 E:\webroot\yii\framework\web\CController.php(265): SiteController->runActionWithFilters()
#15 E:\webroot\yii\framework\web\CWebApplication.php(282): SiteController->run()
#16 E:\webroot\yii\framework\web\CWebApplication.php(141): CWebApplication->runController()
#17 E:\webroot\yii\framework\base\CApplication.php(169): CWebApplication->processRequest()
#18 E:\webroot\yii\demos\blog\index.php(11): CWebApplication->run()
REQUEST_URI=/yii/demos/blog/index.php/site/login
2013/07/29 07:07:43 [error] [php] date() [<a href='function.date'>function.date</a>]: It is not safe to rely on the system's timezone settings. You are *required* to use the date.timezone setting or the date_default_timezone_set() function. In case you used any of those methods and you are still getting this warning, you most likely misspelled the timezone identifier. We selected 'UTC' for '8.0/no DST' instead (E:\webroot\yii\demos\blog\protected\views\post\_view.php:6)
Stack trace:
#0 E:\webroot\yii\framework\web\CBaseController.php(95): PostController->renderInternal()
#1 E:\webroot\yii\framework\zii\widgets\CListView.php(281): PostController->renderFile()
#2 E:\webroot\yii\framework\zii\widgets\CBaseListView.php(160): CListView->renderItems()
#3 unknown(0): CListView->renderSection()
#4 E:\webroot\yii\framework\zii\widgets\CBaseListView.php(143): preg_replace_callback()
#5 E:\webroot\yii\framework\zii\widgets\CBaseListView.php(128): CListView->renderContent()
#6 E:\webroot\yii\framework\web\CBaseController.php(173): CListView->run()
#7 E:\webroot\yii\demos\blog\protected\views\post\index.php(9): PostController->widget()
#8 E:\webroot\yii\framework\web\CBaseController.php(126): require()
#9 E:\webroot\yii\framework\web\CBaseController.php(95): PostController->renderInternal()
#10 E:\webroot\yii\framework\web\CController.php(869): PostController->renderFile()
#11 E:\webroot\yii\framework\web\CController.php(782): PostController->renderPartial()
#12 E:\webroot\yii\demos\blog\protected\controllers\PostController.php(136): PostController->render()
#13 E:\webroot\yii\framework\web\actions\CInlineAction.php(49): PostController->actionIndex()
#14 E:\webroot\yii\framework\web\CController.php(308): CInlineAction->runWithParams()
#15 E:\webroot\yii\framework\web\filters\CFilterChain.php(133): PostController->runAction()
#16 E:\webroot\yii\framework\web\filters\CFilter.php(40): CFilterChain->run()
#17 E:\webroot\yii\framework\web\CController.php(1145): CAccessControlFilter->filter()
#18 E:\webroot\yii\framework\web\filters\CInlineFilter.php(58): PostController->filterAccessControl()
#19 E:\webroot\yii\framework\web\filters\CFilterChain.php(130): CInlineFilter->filter()
#20 E:\webroot\yii\framework\web\CController.php(291): CFilterChain->run()
#21 E:\webroot\yii\framework\web\CController.php(265): PostController->runActionWithFilters()
#22 E:\webroot\yii\framework\web\CWebApplication.php(282): PostController->run()
#23 E:\webroot\yii\framework\web\CWebApplication.php(141): CWebApplication->runController()
#24 E:\webroot\yii\framework\base\CApplication.php(169): CWebApplication->processRequest()
#25 E:\webroot\yii\demos\blog\index.php(11): CWebApplication->run()
REQUEST_URI=/yii/demos/blog/index.php/post/index
2013/07/29 07:07:48 [error] [php] date() [<a href='function.date'>function.date</a>]: It is not safe to rely on the system's timezone settings. You are *required* to use the date.timezone setting or the date_default_timezone_set() function. In case you used any of those methods and you are still getting this warning, you most likely misspelled the timezone identifier. We selected 'UTC' for '8.0/no DST' instead (E:\webroot\yii\demos\blog\protected\views\post\_view.php:6)
Stack trace:
#0 E:\webroot\yii\framework\web\CBaseController.php(95): PostController->renderInternal()
#1 E:\webroot\yii\framework\zii\widgets\CListView.php(281): PostController->renderFile()
#2 E:\webroot\yii\framework\zii\widgets\CBaseListView.php(160): CListView->renderItems()
#3 unknown(0): CListView->renderSection()
#4 E:\webroot\yii\framework\zii\widgets\CBaseListView.php(143): preg_replace_callback()
#5 E:\webroot\yii\framework\zii\widgets\CBaseListView.php(128): CListView->renderContent()
#6 E:\webroot\yii\framework\web\CBaseController.php(173): CListView->run()
#7 E:\webroot\yii\demos\blog\protected\views\post\index.php(9): PostController->widget()
#8 E:\webroot\yii\framework\web\CBaseController.php(126): require()
#9 E:\webroot\yii\framework\web\CBaseController.php(95): PostController->renderInternal()
#10 E:\webroot\yii\framework\web\CController.php(869): PostController->renderFile()
#11 E:\webroot\yii\framework\web\CController.php(782): PostController->renderPartial()
#12 E:\webroot\yii\demos\blog\protected\controllers\PostController.php(136): PostController->render()
#13 E:\webroot\yii\framework\web\actions\CInlineAction.php(49): PostController->actionIndex()
#14 E:\webroot\yii\framework\web\CController.php(308): CInlineAction->runWithParams()
#15 E:\webroot\yii\framework\web\filters\CFilterChain.php(133): PostController->runAction()
#16 E:\webroot\yii\framework\web\filters\CFilter.php(40): CFilterChain->run()
#17 E:\webroot\yii\framework\web\CController.php(1145): CAccessControlFilter->filter()
#18 E:\webroot\yii\framework\web\filters\CInlineFilter.php(58): PostController->filterAccessControl()
#19 E:\webroot\yii\framework\web\filters\CFilterChain.php(130): CInlineFilter->filter()
#20 E:\webroot\yii\framework\web\CController.php(291): CFilterChain->run()
#21 E:\webroot\yii\framework\web\CController.php(265): PostController->runActionWithFilters()
#22 E:\webroot\yii\framework\web\CWebApplication.php(282): PostController->run()
#23 E:\webroot\yii\framework\web\CWebApplication.php(141): CWebApplication->runController()
#24 E:\webroot\yii\framework\base\CApplication.php(169): CWebApplication->processRequest()
#25 E:\webroot\yii\demos\blog\index.php(11): CWebApplication->run()
REQUEST_URI=/yii/demos/blog/index.php
2013/07/29 07:19:42 [error] [php] date() [<a href='function.date'>function.date</a>]: It is not safe to rely on the system's timezone settings. You are *required* to use the date.timezone setting or the date_default_timezone_set() function. In case you used any of those methods and you are still getting this warning, you most likely misspelled the timezone identifier. We selected 'UTC' for '8.0/no DST' instead (E:\webroot\yii\demos\blog\protected\views\post\_view.php:6)
Stack trace:
#0 E:\webroot\yii\framework\web\CBaseController.php(95): PostController->renderInternal()
#1 E:\webroot\yii\framework\zii\widgets\CListView.php(281): PostController->renderFile()
#2 E:\webroot\yii\framework\zii\widgets\CBaseListView.php(160): CListView->renderItems()
#3 unknown(0): CListView->renderSection()
#4 E:\webroot\yii\framework\zii\widgets\CBaseListView.php(143): preg_replace_callback()
#5 E:\webroot\yii\framework\zii\widgets\CBaseListView.php(128): CListView->renderContent()
#6 E:\webroot\yii\framework\web\CBaseController.php(173): CListView->run()
#7 E:\webroot\yii\demos\blog\protected\views\post\index.php(9): PostController->widget()
#8 E:\webroot\yii\framework\web\CBaseController.php(126): require()
#9 E:\webroot\yii\framework\web\CBaseController.php(95): PostController->renderInternal()
#10 E:\webroot\yii\framework\web\CController.php(869): PostController->renderFile()
#11 E:\webroot\yii\framework\web\CController.php(782): PostController->renderPartial()
#12 E:\webroot\yii\demos\blog\protected\controllers\PostController.php(136): PostController->render()
#13 E:\webroot\yii\framework\web\actions\CInlineAction.php(49): PostController->actionIndex()
#14 E:\webroot\yii\framework\web\CController.php(308): CInlineAction->runWithParams()
#15 E:\webroot\yii\framework\web\filters\CFilterChain.php(133): PostController->runAction()
#16 E:\webroot\yii\framework\web\filters\CFilter.php(40): CFilterChain->run()
#17 E:\webroot\yii\framework\web\CController.php(1145): CAccessControlFilter->filter()
#18 E:\webroot\yii\framework\web\filters\CInlineFilter.php(58): PostController->filterAccessControl()
#19 E:\webroot\yii\framework\web\filters\CFilterChain.php(130): CInlineFilter->filter()
#20 E:\webroot\yii\framework\web\CController.php(291): CFilterChain->run()
#21 E:\webroot\yii\framework\web\CController.php(265): PostController->runActionWithFilters()
#22 E:\webroot\yii\framework\web\CWebApplication.php(282): PostController->run()
#23 E:\webroot\yii\framework\web\CWebApplication.php(141): CWebApplication->runController()
#24 E:\webroot\yii\framework\base\CApplication.php(169): CWebApplication->processRequest()
#25 E:\webroot\yii\demos\blog\index.php(11): CWebApplication->run()
REQUEST_URI=/yii/demos/blog/index.php
2013/07/29 07:19:44 [error] [php] date() [<a href='function.date'>function.date</a>]: It is not safe to rely on the system's timezone settings. You are *required* to use the date.timezone setting or the date_default_timezone_set() function. In case you used any of those methods and you are still getting this warning, you most likely misspelled the timezone identifier. We selected 'UTC' for '8.0/no DST' instead (E:\webroot\yii\demos\blog\protected\views\post\_view.php:6)
Stack trace:
#0 E:\webroot\yii\framework\web\CBaseController.php(95): PostController->renderInternal()
#1 E:\webroot\yii\framework\zii\widgets\CListView.php(281): PostController->renderFile()
#2 E:\webroot\yii\framework\zii\widgets\CBaseListView.php(160): CListView->renderItems()
#3 unknown(0): CListView->renderSection()
#4 E:\webroot\yii\framework\zii\widgets\CBaseListView.php(143): preg_replace_callback()
#5 E:\webroot\yii\framework\zii\widgets\CBaseListView.php(128): CListView->renderContent()
#6 E:\webroot\yii\framework\web\CBaseController.php(173): CListView->run()
#7 E:\webroot\yii\demos\blog\protected\views\post\index.php(9): PostController->widget()
#8 E:\webroot\yii\framework\web\CBaseController.php(126): require()
#9 E:\webroot\yii\framework\web\CBaseController.php(95): PostController->renderInternal()
#10 E:\webroot\yii\framework\web\CController.php(869): PostController->renderFile()
#11 E:\webroot\yii\framework\web\CController.php(782): PostController->renderPartial()
#12 E:\webroot\yii\demos\blog\protected\controllers\PostController.php(136): PostController->render()
#13 E:\webroot\yii\framework\web\actions\CInlineAction.php(49): PostController->actionIndex()
#14 E:\webroot\yii\framework\web\CController.php(308): CInlineAction->runWithParams()
#15 E:\webroot\yii\framework\web\filters\CFilterChain.php(133): PostController->runAction()
#16 E:\webroot\yii\framework\web\filters\CFilter.php(40): CFilterChain->run()
#17 E:\webroot\yii\framework\web\CController.php(1145): CAccessControlFilter->filter()
#18 E:\webroot\yii\framework\web\filters\CInlineFilter.php(58): PostController->filterAccessControl()
#19 E:\webroot\yii\framework\web\filters\CFilterChain.php(130): CInlineFilter->filter()
#20 E:\webroot\yii\framework\web\CController.php(291): CFilterChain->run()
#21 E:\webroot\yii\framework\web\CController.php(265): PostController->runActionWithFilters()
#22 E:\webroot\yii\framework\web\CWebApplication.php(282): PostController->run()
#23 E:\webroot\yii\framework\web\CWebApplication.php(141): CWebApplication->runController()
#24 E:\webroot\yii\framework\base\CApplication.php(169): CWebApplication->processRequest()
#25 E:\webroot\yii\demos\blog\index.php(11): CWebApplication->run()
REQUEST_URI=/yii/demos/blog/index.php/post/index
2013/07/29 07:19:54 [error] [php] date() [<a href='function.date'>function.date</a>]: It is not safe to rely on the system's timezone settings. You are *required* to use the date.timezone setting or the date_default_timezone_set() function. In case you used any of those methods and you are still getting this warning, you most likely misspelled the timezone identifier. We selected 'UTC' for '8.0/no DST' instead (E:\webroot\yii\demos\blog\protected\views\post\_view.php:6)
Stack trace:
#0 E:\webroot\yii\framework\web\CBaseController.php(95): PostController->renderInternal()
#1 E:\webroot\yii\framework\zii\widgets\CListView.php(281): PostController->renderFile()
#2 E:\webroot\yii\framework\zii\widgets\CBaseListView.php(160): CListView->renderItems()
#3 unknown(0): CListView->renderSection()
#4 E:\webroot\yii\framework\zii\widgets\CBaseListView.php(143): preg_replace_callback()
#5 E:\webroot\yii\framework\zii\widgets\CBaseListView.php(128): CListView->renderContent()
#6 E:\webroot\yii\framework\web\CBaseController.php(173): CListView->run()
#7 E:\webroot\yii\demos\blog\protected\views\post\index.php(9): PostController->widget()
#8 E:\webroot\yii\framework\web\CBaseController.php(126): require()
#9 E:\webroot\yii\framework\web\CBaseController.php(95): PostController->renderInternal()
#10 E:\webroot\yii\framework\web\CController.php(869): PostController->renderFile()
#11 E:\webroot\yii\framework\web\CController.php(782): PostController->renderPartial()
#12 E:\webroot\yii\demos\blog\protected\controllers\PostController.php(136): PostController->render()
#13 E:\webroot\yii\framework\web\actions\CInlineAction.php(49): PostController->actionIndex()
#14 E:\webroot\yii\framework\web\CController.php(308): CInlineAction->runWithParams()
#15 E:\webroot\yii\framework\web\filters\CFilterChain.php(133): PostController->runAction()
#16 E:\webroot\yii\framework\web\filters\CFilter.php(40): CFilterChain->run()
#17 E:\webroot\yii\framework\web\CController.php(1145): CAccessControlFilter->filter()
#18 E:\webroot\yii\framework\web\filters\CInlineFilter.php(58): PostController->filterAccessControl()
#19 E:\webroot\yii\framework\web\filters\CFilterChain.php(130): CInlineFilter->filter()
#20 E:\webroot\yii\framework\web\CController.php(291): CFilterChain->run()
#21 E:\webroot\yii\framework\web\CController.php(265): PostController->runActionWithFilters()
#22 E:\webroot\yii\framework\web\CWebApplication.php(282): PostController->run()
#23 E:\webroot\yii\framework\web\CWebApplication.php(141): CWebApplication->runController()
#24 E:\webroot\yii\framework\base\CApplication.php(169): CWebApplication->processRequest()
#25 E:\webroot\yii\demos\blog\index.php(11): CWebApplication->run()
REQUEST_URI=/yii/demos/blog/index.php/post/index
2013/07/29 07:19:54 [error] [php] date() [<a href='function.date'>function.date</a>]: It is not safe to rely on the system's timezone settings. You are *required* to use the date.timezone setting or the date_default_timezone_set() function. In case you used any of those methods and you are still getting this warning, you most likely misspelled the timezone identifier. We selected 'UTC' for '8.0/no DST' instead (E:\webroot\yii\demos\blog\protected\views\post\_view.php:6)
Stack trace:
#0 E:\webroot\yii\framework\web\CBaseController.php(95): PostController->renderInternal()
#1 E:\webroot\yii\framework\zii\widgets\CListView.php(281): PostController->renderFile()
#2 E:\webroot\yii\framework\zii\widgets\CBaseListView.php(160): CListView->renderItems()
#3 unknown(0): CListView->renderSection()
#4 E:\webroot\yii\framework\zii\widgets\CBaseListView.php(143): preg_replace_callback()
#5 E:\webroot\yii\framework\zii\widgets\CBaseListView.php(128): CListView->renderContent()
#6 E:\webroot\yii\framework\web\CBaseController.php(173): CListView->run()
#7 E:\webroot\yii\demos\blog\protected\views\post\index.php(9): PostController->widget()
#8 E:\webroot\yii\framework\web\CBaseController.php(126): require()
#9 E:\webroot\yii\framework\web\CBaseController.php(95): PostController->renderInternal()
#10 E:\webroot\yii\framework\web\CController.php(869): PostController->renderFile()
#11 E:\webroot\yii\framework\web\CController.php(782): PostController->renderPartial()
#12 E:\webroot\yii\demos\blog\protected\controllers\PostController.php(136): PostController->render()
#13 E:\webroot\yii\framework\web\actions\CInlineAction.php(49): PostController->actionIndex()
#14 E:\webroot\yii\framework\web\CController.php(308): CInlineAction->runWithParams()
#15 E:\webroot\yii\framework\web\filters\CFilterChain.php(133): PostController->runAction()
#16 E:\webroot\yii\framework\web\filters\CFilter.php(40): CFilterChain->run()
#17 E:\webroot\yii\framework\web\CController.php(1145): CAccessControlFilter->filter()
#18 E:\webroot\yii\framework\web\filters\CInlineFilter.php(58): PostController->filterAccessControl()
#19 E:\webroot\yii\framework\web\filters\CFilterChain.php(130): CInlineFilter->filter()
#20 E:\webroot\yii\framework\web\CController.php(291): CFilterChain->run()
#21 E:\webroot\yii\framework\web\CController.php(265): PostController->runActionWithFilters()
#22 E:\webroot\yii\framework\web\CWebApplication.php(282): PostController->run()
#23 E:\webroot\yii\framework\web\CWebApplication.php(141): CWebApplication->runController()
#24 E:\webroot\yii\framework\base\CApplication.php(169): CWebApplication->processRequest()
#25 E:\webroot\yii\demos\blog\index.php(11): CWebApplication->run()
REQUEST_URI=/yii/demos/blog/index.php/post/index
2013/07/29 07:19:55 [error] [php] date() [<a href='function.date'>function.date</a>]: It is not safe to rely on the system's timezone settings. You are *required* to use the date.timezone setting or the date_default_timezone_set() function. In case you used any of those methods and you are still getting this warning, you most likely misspelled the timezone identifier. We selected 'UTC' for '8.0/no DST' instead (E:\webroot\yii\demos\blog\protected\views\post\_view.php:6)
Stack trace:
#0 E:\webroot\yii\framework\web\CBaseController.php(95): PostController->renderInternal()
#1 E:\webroot\yii\framework\zii\widgets\CListView.php(281): PostController->renderFile()
#2 E:\webroot\yii\framework\zii\widgets\CBaseListView.php(160): CListView->renderItems()
#3 unknown(0): CListView->renderSection()
#4 E:\webroot\yii\framework\zii\widgets\CBaseListView.php(143): preg_replace_callback()
#5 E:\webroot\yii\framework\zii\widgets\CBaseListView.php(128): CListView->renderContent()
#6 E:\webroot\yii\framework\web\CBaseController.php(173): CListView->run()
#7 E:\webroot\yii\demos\blog\protected\views\post\index.php(9): PostController->widget()
#8 E:\webroot\yii\framework\web\CBaseController.php(126): require()
#9 E:\webroot\yii\framework\web\CBaseController.php(95): PostController->renderInternal()
#10 E:\webroot\yii\framework\web\CController.php(869): PostController->renderFile()
#11 E:\webroot\yii\framework\web\CController.php(782): PostController->renderPartial()
#12 E:\webroot\yii\demos\blog\protected\controllers\PostController.php(136): PostController->render()
#13 E:\webroot\yii\framework\web\actions\CInlineAction.php(49): PostController->actionIndex()
#14 E:\webroot\yii\framework\web\CController.php(308): CInlineAction->runWithParams()
#15 E:\webroot\yii\framework\web\filters\CFilterChain.php(133): PostController->runAction()
#16 E:\webroot\yii\framework\web\filters\CFilter.php(40): CFilterChain->run()
#17 E:\webroot\yii\framework\web\CController.php(1145): CAccessControlFilter->filter()
#18 E:\webroot\yii\framework\web\filters\CInlineFilter.php(58): PostController->filterAccessControl()
#19 E:\webroot\yii\framework\web\filters\CFilterChain.php(130): CInlineFilter->filter()
#20 E:\webroot\yii\framework\web\CController.php(291): CFilterChain->run()
#21 E:\webroot\yii\framework\web\CController.php(265): PostController->runActionWithFilters()
#22 E:\webroot\yii\framework\web\CWebApplication.php(282): PostController->run()
#23 E:\webroot\yii\framework\web\CWebApplication.php(141): CWebApplication->runController()
#24 E:\webroot\yii\framework\base\CApplication.php(169): CWebApplication->processRequest()
#25 E:\webroot\yii\demos\blog\index.php(11): CWebApplication->run()
REQUEST_URI=/yii/demos/blog/index.php/post/index
2013/07/29 07:19:55 [error] [php] date() [<a href='function.date'>function.date</a>]: It is not safe to rely on the system's timezone settings. You are *required* to use the date.timezone setting or the date_default_timezone_set() function. In case you used any of those methods and you are still getting this warning, you most likely misspelled the timezone identifier. We selected 'UTC' for '8.0/no DST' instead (E:\webroot\yii\demos\blog\protected\views\post\_view.php:6)
Stack trace:
#0 E:\webroot\yii\framework\web\CBaseController.php(95): PostController->renderInternal()
#1 E:\webroot\yii\framework\zii\widgets\CListView.php(281): PostController->renderFile()
#2 E:\webroot\yii\framework\zii\widgets\CBaseListView.php(160): CListView->renderItems()
#3 unknown(0): CListView->renderSection()
#4 E:\webroot\yii\framework\zii\widgets\CBaseListView.php(143): preg_replace_callback()
#5 E:\webroot\yii\framework\zii\widgets\CBaseListView.php(128): CListView->renderContent()
#6 E:\webroot\yii\framework\web\CBaseController.php(173): CListView->run()
#7 E:\webroot\yii\demos\blog\protected\views\post\index.php(9): PostController->widget()
#8 E:\webroot\yii\framework\web\CBaseController.php(126): require()
#9 E:\webroot\yii\framework\web\CBaseController.php(95): PostController->renderInternal()
#10 E:\webroot\yii\framework\web\CController.php(869): PostController->renderFile()
#11 E:\webroot\yii\framework\web\CController.php(782): PostController->renderPartial()
#12 E:\webroot\yii\demos\blog\protected\controllers\PostController.php(136): PostController->render()
#13 E:\webroot\yii\framework\web\actions\CInlineAction.php(49): PostController->actionIndex()
#14 E:\webroot\yii\framework\web\CController.php(308): CInlineAction->runWithParams()
#15 E:\webroot\yii\framework\web\filters\CFilterChain.php(133): PostController->runAction()
#16 E:\webroot\yii\framework\web\filters\CFilter.php(40): CFilterChain->run()
#17 E:\webroot\yii\framework\web\CController.php(1145): CAccessControlFilter->filter()
#18 E:\webroot\yii\framework\web\filters\CInlineFilter.php(58): PostController->filterAccessControl()
#19 E:\webroot\yii\framework\web\filters\CFilterChain.php(130): CInlineFilter->filter()
#20 E:\webroot\yii\framework\web\CController.php(291): CFilterChain->run()
#21 E:\webroot\yii\framework\web\CController.php(265): PostController->runActionWithFilters()
#22 E:\webroot\yii\framework\web\CWebApplication.php(282): PostController->run()
#23 E:\webroot\yii\framework\web\CWebApplication.php(141): CWebApplication->runController()
#24 E:\webroot\yii\framework\base\CApplication.php(169): CWebApplication->processRequest()
#25 E:\webroot\yii\demos\blog\index.php(11): CWebApplication->run()
REQUEST_URI=/yii/demos/blog/index.php/post/index
